This is pdfTeX, Version 3.141592653-2.6-1.40.24 (MiKTeX 21.12.10) (preloaded format=pdflatex 2022.1.21)  8 MAR 2022 15:57
entering extended mode
 restricted \write18 enabled.
 %&-line parsing enabled.
**./report.tex
(report.tex
LaTeX2e <2021-11-15> patch level 1
L3 programming layer <2021-11-22>
(C:\Users\Ayush Jamdar\AppData\Local\Programs\MiKTeX\tex/latex/base\article.cls
Document Class: article 2021/10/04 v1.4n Standard LaTeX document class
(C:\Users\Ayush Jamdar\AppData\Local\Programs\MiKTeX\tex/latex/base\size11.clo
File: size11.clo 2021/10/04 v1.4n Standard LaTeX file (size option)
)
\c@part=\count183
\c@section=\count184
\c@subsection=\count185
\c@subsubsection=\count186
\c@paragraph=\count187
\c@subparagraph=\count188
\c@figure=\count189
\c@table=\count190
\abovecaptionskip=\skip47
\belowcaptionskip=\skip48
\bibindent=\dimen138
)
(C:\Users\Ayush Jamdar\AppData\Local\Programs\MiKTeX\tex/latex/graphics\graphic
x.sty
Package: graphicx 2021/09/16 v1.2d Enhanced LaTeX Graphics (DPC,SPQR)

(C:\Users\Ayush Jamdar\AppData\Local\Programs\MiKTeX\tex/latex/graphics\keyval.
sty
Package: keyval 2014/10/28 v1.15 key=value parser (DPC)
\KV@toks@=\toks16
)
(C:\Users\Ayush Jamdar\AppData\Local\Programs\MiKTeX\tex/latex/graphics\graphic
s.sty
Package: graphics 2021/03/04 v1.4d Standard LaTeX Graphics (DPC,SPQR)

(C:\Users\Ayush Jamdar\AppData\Local\Programs\MiKTeX\tex/latex/graphics\trig.st
y
Package: trig 2021/08/11 v1.11 sin cos tan (DPC)
)
(C:\Users\Ayush Jamdar\AppData\Local\Programs\MiKTeX\tex/latex/graphics-cfg\gra
phics.cfg
File: graphics.cfg 2016/06/04 v1.11 sample graphics configuration
)
Package graphics Info: Driver file: pdftex.def on input line 107.

(C:\Users\Ayush Jamdar\AppData\Local\Programs\MiKTeX\tex/latex/graphics-def\pdf
tex.def
File: pdftex.def 2020/10/05 v1.2a Graphics/color driver for pdftex
))
\Gin@req@height=\dimen139
\Gin@req@width=\dimen140
)
(C:\Users\Ayush Jamdar\AppData\Local\Programs\MiKTeX\tex/latex/amsmath\amsmath.
sty
Package: amsmath 2021/10/15 v2.17l AMS math features
\@mathmargin=\skip49

For additional information on amsmath, use the `?' option.

(C:\Users\Ayush Jamdar\AppData\Local\Programs\MiKTeX\tex/latex/amsmath\amstext.
sty
Package: amstext 2021/08/26 v2.01 AMS text

(C:\Users\Ayush Jamdar\AppData\Local\Programs\MiKTeX\tex/latex/amsmath\amsgen.s
ty
File: amsgen.sty 1999/11/30 v2.0 generic functions
\@emptytoks=\toks17
\ex@=\dimen141
))
(C:\Users\Ayush Jamdar\AppData\Local\Programs\MiKTeX\tex/latex/amsmath\amsbsy.s
ty
Package: amsbsy 1999/11/29 v1.2d Bold Symbols
\pmbraise@=\dimen142
)
(C:\Users\Ayush Jamdar\AppData\Local\Programs\MiKTeX\tex/latex/amsmath\amsopn.s
ty
Package: amsopn 2021/08/26 v2.02 operator names
)
\inf@bad=\count191
LaTeX Info: Redefining \frac on input line 234.
\uproot@=\count192
\leftroot@=\count193
LaTeX Info: Redefining \overline on input line 399.
\classnum@=\count194
\DOTSCASE@=\count195
LaTeX Info: Redefining \ldots on input line 496.
LaTeX Info: Redefining \dots on input line 499.
LaTeX Info: Redefining \cdots on input line 620.
\Mathstrutbox@=\box50
\strutbox@=\box51
\big@size=\dimen143
LaTeX Font Info:    Redeclaring font encoding OML on input line 743.
LaTeX Font Info:    Redeclaring font encoding OMS on input line 744.
\macc@depth=\count196
\c@MaxMatrixCols=\count197
\dotsspace@=\muskip16
\c@parentequation=\count198
\dspbrk@lvl=\count199
\tag@help=\toks18
\row@=\count266
\column@=\count267
\maxfields@=\count268
\andhelp@=\toks19
\eqnshift@=\dimen144
\alignsep@=\dimen145
\tagshift@=\dimen146
\tagwidth@=\dimen147
\totwidth@=\dimen148
\lineht@=\dimen149
\@envbody=\toks20
\multlinegap=\skip50
\multlinetaggap=\skip51
\mathdisplay@stack=\toks21
LaTeX Info: Redefining \[ on input line 2938.
LaTeX Info: Redefining \] on input line 2939.
)
(C:\Users\Ayush Jamdar\AppData\Local\Programs\MiKTeX\tex/latex/listings\listing
s.sty
\lst@mode=\count269
\lst@gtempboxa=\box52
\lst@token=\toks22
\lst@length=\count270
\lst@currlwidth=\dimen150
\lst@column=\count271
\lst@pos=\count272
\lst@lostspace=\dimen151
\lst@width=\dimen152
\lst@newlines=\count273
\lst@lineno=\count274
\lst@maxwidth=\dimen153

(C:\Users\Ayush Jamdar\AppData\Local\Programs\MiKTeX\tex/latex/listings\lstmisc
.sty
File: lstmisc.sty 2020/03/24 1.8d (Carsten Heinz)
\c@lstnumber=\count275
\lst@skipnumbers=\count276
\lst@framebox=\box53
)
(C:\Users\Ayush Jamdar\AppData\Local\Programs\MiKTeX\tex/latex/listings\listing
s.cfg
File: listings.cfg 2020/03/24 1.8d listings configuration
))
Package: listings 2020/03/24 1.8d (Carsten Heinz)

(C:\Users\Ayush Jamdar\AppData\Local\Programs\MiKTeX\tex/latex/psnfss\courier.s
ty
Package: courier 2020/03/25 PSNFSS-v9.3 (WaS) 
)
(C:\Users\Ayush Jamdar\AppData\Local\Programs\MiKTeX\tex/latex/l3backend\l3back
end-pdftex.def
File: l3backend-pdftex.def 2021-12-14 L3 backend support: PDF output (pdfTeX)
\l__color_backend_stack_int=\count277
\l__pdf_internal_box=\box54
) (report.aux

LaTeX Warning: Label `fig:contour potential)' multiply defined.

)
\openout1 = `report.aux'.

LaTeX Font Info:    Checking defaults for OML/cmm/m/it on input line 21.
LaTeX Font Info:    ... okay on input line 21.
LaTeX Font Info:    Checking defaults for OMS/cmsy/m/n on input line 21.
LaTeX Font Info:    ... okay on input line 21.
LaTeX Font Info:    Checking defaults for OT1/cmr/m/n on input line 21.
LaTeX Font Info:    ... okay on input line 21.
LaTeX Font Info:    Checking defaults for T1/cmr/m/n on input line 21.
LaTeX Font Info:    ... okay on input line 21.
LaTeX Font Info:    Checking defaults for TS1/cmr/m/n on input line 21.
LaTeX Font Info:    ... okay on input line 21.
LaTeX Font Info:    Checking defaults for OMX/cmex/m/n on input line 21.
LaTeX Font Info:    ... okay on input line 21.
LaTeX Font Info:    Checking defaults for U/cmr/m/n on input line 21.
LaTeX Font Info:    ... okay on input line 21.

(C:\Users\Ayush Jamdar\AppData\Local\Programs\MiKTeX\tex/context/base/mkii\supp
-pdf.mkii
[Loading MPS to PDF converter (version 2006.09.02).]
\scratchcounter=\count278
\scratchdimen=\dimen154
\scratchbox=\box55
\nofMPsegments=\count279
\nofMParguments=\count280
\everyMPshowfont=\toks23
\MPscratchCnt=\count281
\MPscratchDim=\dimen155
\MPnumerator=\count282
\makeMPintoPDFobject=\count283
\everyMPtoPDFconversion=\toks24
)
(C:\Users\Ayush Jamdar\AppData\Local\Programs\MiKTeX\tex/latex/epstopdf-pkg\eps
topdf-base.sty
Package: epstopdf-base 2020-01-24 v2.11 Base part for package epstopdf
Package epstopdf-base Info: Redefining graphics rule for `.eps' on input line 4
85.

(C:\Users\Ayush Jamdar\AppData\Local\Programs\MiKTeX\tex/latex/00miktex\epstopd
f-sys.cfg
File: epstopdf-sys.cfg 2021/03/18 v2.0 Configuration of epstopdf for MiKTeX
))
\c@lstlisting=\count284
LaTeX Font Info:    Trying to load font information for OT1+pcr on input line 4
1.

(C:\Users\Ayush Jamdar\AppData\Local\Programs\MiKTeX\tex/latex/psnfss\ot1pcr.fd
File: ot1pcr.fd 2001/06/04 font definitions for OT1/pcr.
)
<plate.png, id=1, 205.9695pt x 178.86826pt>
File: plate.png Graphic file (type png)
<use plate.png>
Package pdftex.def Info: plate.png  used on input line 54.
(pdftex.def)             Requested size: 102.98448pt x 89.4339pt.
 [1

{C:/Users/Ayush Jamdar/AppData/Local/MiKTeX/fonts/map/pdftex/pdftex.map}]
Overfull \hbox (40.76952pt too wide) in paragraph at lines 78--78
[]\OT1/pcr/m/n/10.95 description='Processing plate data and number of iteration
s')[] 
 []


Overfull \hbox (1.34956pt too wide) in paragraph at lines 78--78
[]\OT1/pcr/m/n/10.95 Nx = args.Nx  # number of points taken along x in units[] 

 []


Overfull \hbox (1.34956pt too wide) in paragraph at lines 78--78
[]\OT1/pcr/m/n/10.95 Ny = args.Ny  # number of points taken along y in units[] 

 []


Overfull \hbox (1.34956pt too wide) in paragraph at lines 78--78
[]\OT1/pcr/m/n/10.95 radius = args.radius  # radius of central lead in units[] 

 []

[2 <./plate.png>]
<Q1.png, id=21, 462.528pt x 346.896pt>
File: Q1.png Graphic file (type png)
<use Q1.png>
Package pdftex.def Info: Q1.png  used on input line 110.
(pdftex.def)             Requested size: 231.26343pt x 173.44757pt.
 [3]
Overfull \hbox (7.91956pt too wide) in paragraph at lines 138--138
[]    \OT1/pcr/m/n/10.95 phi[1:-1, 1:-1] = (left_neighbours+right_neighbours+[]
 
 []

<Q2.png, id=25, 462.528pt x 346.896pt>
File: Q2.png Graphic file (type png)
<use Q2.png>
Package pdftex.def Info: Q2.png  used on input line 147.
(pdftex.def)             Requested size: 231.26343pt x 173.44757pt.
[4 <./Q1.png>]
Overfull \hbox (53.9095pt too wide) in paragraph at lines 166--166
[]\OT1/pcr/m/n/10.95 semilogy(range(Niter)[::50],A*(np.exp(B * range(Niter)))[:
:50],[] 
 []

<Q3.png, id=30, 462.528pt x 346.896pt>
File: Q3.png Graphic file (type png)
<use Q3.png>
Package pdftex.def Info: Q3.png  used on input line 173.
(pdftex.def)             Requested size: 231.26343pt x 173.44757pt.
[5 <./Q2.png>]
<closerlook.png, id=35, 462.528pt x 346.896pt>
File: closerlook.png Graphic file (type png)
<use closerlook.png>
Package pdftex.def Info: closerlook.png  used on input line 182.
(pdftex.def)             Requested size: 231.26343pt x 173.44757pt.
<zeroerror.png, id=36, 462.528pt x 346.896pt>
File: zeroerror.png Graphic file (type png)
<use zeroerror.png>
Package pdftex.def Info: zeroerror.png  used on input line 191.
(pdftex.def)             Requested size: 231.26343pt x 173.44757pt.
 [6 <./Q3.png> <./closerlook.png>]
Overfull \hbox (47.33951pt too wide) in paragraph at lines 212--212
[]        \OT1/pcr/m/n/10.95 semilogy(range(i)[::50], A*(np.exp(B*range(i)))[::
50],[] 
 []


Overfull \hbox (53.9095pt too wide) in paragraph at lines 212--212
[]        \OT1/pcr/m/n/10.95 semilogy(range(i), errors[:i], 'black', label='err
ors')[] 
 []


Overfull \hbox (80.18947pt too wide) in paragraph at lines 212--212
[]        \OT1/pcr/m/n/10.95 title("Fit for error vector (Semilog) when error v
anishes")[] 
 []

<errorcorrected.png, id=42, 462.528pt x 346.896pt>
File: errorcorrected.png Graphic file (type png)
<use errorcorrected.png>
Package pdftex.def Info: errorcorrected.png  used on input line 218.
(pdftex.def)             Requested size: 231.26343pt x 173.44757pt.

Overfull \hbox (40.76952pt too wide) in paragraph at lines 235--235
[]\OT1/pcr/m/n/10.95 ax=p3.Axes3D(fig1) # Axes3D is the means to do a surface p
lot[] 
 []

[7 <./zeroerror.png>]
<Q4.png, id=48, 462.528pt x 346.896pt>
File: Q4.png Graphic file (type png)
<use Q4.png>
Package pdftex.def Info: Q4.png  used on input line 239.
(pdftex.def)             Requested size: 231.26343pt x 173.44757pt.
 [8 <./errorcorrected.png> <./Q4.png>]
<Q5.png, id=54, 462.528pt x 346.896pt>
File: Q5.png Graphic file (type png)
<use Q5.png>
Package pdftex.def Info: Q5.png  used on input line 249.
(pdftex.def)             Requested size: 231.26343pt x 173.44757pt.
 [9 <./Q5.png>]
<Q6.png, id=59, 462.528pt x 346.896pt>
File: Q6.png Graphic file (type png)
<use Q6.png>
Package pdftex.def Info: Q6.png  used on input line 285.
(pdftex.def)             Requested size: 231.26343pt x 173.44757pt.

[10 <./Q6.png>] (report.aux)

LaTeX Warning: There were multiply-defined labels.

 ) 
Here is how much of TeX's memory you used:
 3483 strings out of 478659
 53486 string characters out of 2842566
 356543 words of memory out of 3000000
 21577 multiletter control sequences out of 15000+600000
 409706 words of font info for 49 fonts, out of 8000000 for 9000
 1141 hyphenation exceptions out of 8191
 55i,7n,62p,578b,274s stack positions out of 5000i,500n,10000p,200000b,80000s
{C:/Users/Ayush Jamdar/AppData/Local/Programs/MiKTeX/fonts/enc/dvips/base/8r.
enc}<C:/Users/Ayush Jamdar/AppData/Local/Programs/MiKTeX/fonts/type1/public/ams
fonts/cm/cmbx12.pfb><C:/Users/Ayush Jamdar/AppData/Local/Programs/MiKTeX/fonts/
type1/public/amsfonts/cm/cmmi10.pfb><C:/Users/Ayush Jamdar/AppData/Local/Progra
ms/MiKTeX/fonts/type1/public/amsfonts/cm/cmmi8.pfb><C:/Users/Ayush Jamdar/AppDa
ta/Local/Programs/MiKTeX/fonts/type1/public/amsfonts/cm/cmr10.pfb><C:/Users/Ayu
sh Jamdar/AppData/Local/Programs/MiKTeX/fonts/type1/public/amsfonts/cm/cmr12.pf
b><C:/Users/Ayush Jamdar/AppData/Local/Programs/MiKTeX/fonts/type1/public/amsfo
nts/cm/cmr17.pfb><C:/Users/Ayush Jamdar/AppData/Local/Programs/MiKTeX/fonts/typ
e1/public/amsfonts/cm/cmr8.pfb><C:/Users/Ayush Jamdar/AppData/Local/Programs/Mi
KTeX/fonts/type1/public/amsfonts/cm/cmsy10.pfb><C:/Users/Ayush Jamdar/AppData/L
ocal/Programs/MiKTeX/fonts/type1/public/amsfonts/cm/cmsy8.pfb><C:/Users/Ayush J
amdar/AppData/Local/Programs/MiKTeX/fonts/type1/urw/courier/ucrr8a.pfb>
Output written on report.pdf (10 pages, 443406 bytes).
PDF statistics:
 107 PDF objects out of 1000 (max. 8388607)
 0 named destinations out of 1000 (max. 500000)
 51 words of extra memory for PDF output out of 10000 (max. 10000000)

