This is pdfTeX, Version 3.141592653-2.6-1.40.24 (MiKTeX 21.12.10) (preloaded format=pdflatex 2022.1.21)  13 MAY 2022 01:22
entering extended mode
 restricted \write18 enabled.
 %&-line parsing enabled.
**./report.tex
(report.tex
LaTeX2e <2021-11-15> patch level 1
L3 programming layer <2021-11-22>
(C:\Users\Ayush Jamdar\AppData\Local\Programs\MiKTeX\tex/latex/base\article.cls
Document Class: article 2021/10/04 v1.4n Standard LaTeX document class
(C:\Users\Ayush Jamdar\AppData\Local\Programs\MiKTeX\tex/latex/base\size11.clo
File: size11.clo 2021/10/04 v1.4n Standard LaTeX file (size option)
)
\c@part=\count183
\c@section=\count184
\c@subsection=\count185
\c@subsubsection=\count186
\c@paragraph=\count187
\c@subparagraph=\count188
\c@figure=\count189
\c@table=\count190
\abovecaptionskip=\skip47
\belowcaptionskip=\skip48
\bibindent=\dimen138
)
(C:\Users\Ayush Jamdar\AppData\Local\Programs\MiKTeX\tex/latex/graphics\graphic
x.sty
Package: graphicx 2021/09/16 v1.2d Enhanced LaTeX Graphics (DPC,SPQR)

(C:\Users\Ayush Jamdar\AppData\Local\Programs\MiKTeX\tex/latex/graphics\keyval.
sty
Package: keyval 2014/10/28 v1.15 key=value parser (DPC)
\KV@toks@=\toks16
)
(C:\Users\Ayush Jamdar\AppData\Local\Programs\MiKTeX\tex/latex/graphics\graphic
s.sty
Package: graphics 2021/03/04 v1.4d Standard LaTeX Graphics (DPC,SPQR)

(C:\Users\Ayush Jamdar\AppData\Local\Programs\MiKTeX\tex/latex/graphics\trig.st
y
Package: trig 2021/08/11 v1.11 sin cos tan (DPC)
)
(C:\Users\Ayush Jamdar\AppData\Local\Programs\MiKTeX\tex/latex/graphics-cfg\gra
phics.cfg
File: graphics.cfg 2016/06/04 v1.11 sample graphics configuration
)
Package graphics Info: Driver file: pdftex.def on input line 107.

(C:\Users\Ayush Jamdar\AppData\Local\Programs\MiKTeX\tex/latex/graphics-def\pdf
tex.def
File: pdftex.def 2020/10/05 v1.2a Graphics/color driver for pdftex
))
\Gin@req@height=\dimen139
\Gin@req@width=\dimen140
)
(C:\Users\Ayush Jamdar\AppData\Local\Programs\MiKTeX\tex/latex/amsmath\amsmath.
sty
Package: amsmath 2021/10/15 v2.17l AMS math features
\@mathmargin=\skip49

For additional information on amsmath, use the `?' option.

(C:\Users\Ayush Jamdar\AppData\Local\Programs\MiKTeX\tex/latex/amsmath\amstext.
sty
Package: amstext 2021/08/26 v2.01 AMS text

(C:\Users\Ayush Jamdar\AppData\Local\Programs\MiKTeX\tex/latex/amsmath\amsgen.s
ty
File: amsgen.sty 1999/11/30 v2.0 generic functions
\@emptytoks=\toks17
\ex@=\dimen141
))
(C:\Users\Ayush Jamdar\AppData\Local\Programs\MiKTeX\tex/latex/amsmath\amsbsy.s
ty
Package: amsbsy 1999/11/29 v1.2d Bold Symbols
\pmbraise@=\dimen142
)
(C:\Users\Ayush Jamdar\AppData\Local\Programs\MiKTeX\tex/latex/amsmath\amsopn.s
ty
Package: amsopn 2021/08/26 v2.02 operator names
)
\inf@bad=\count191
LaTeX Info: Redefining \frac on input line 234.
\uproot@=\count192
\leftroot@=\count193
LaTeX Info: Redefining \overline on input line 399.
\classnum@=\count194
\DOTSCASE@=\count195
LaTeX Info: Redefining \ldots on input line 496.
LaTeX Info: Redefining \dots on input line 499.
LaTeX Info: Redefining \cdots on input line 620.
\Mathstrutbox@=\box50
\strutbox@=\box51
\big@size=\dimen143
LaTeX Font Info:    Redeclaring font encoding OML on input line 743.
LaTeX Font Info:    Redeclaring font encoding OMS on input line 744.
\macc@depth=\count196
\c@MaxMatrixCols=\count197
\dotsspace@=\muskip16
\c@parentequation=\count198
\dspbrk@lvl=\count199
\tag@help=\toks18
\row@=\count266
\column@=\count267
\maxfields@=\count268
\andhelp@=\toks19
\eqnshift@=\dimen144
\alignsep@=\dimen145
\tagshift@=\dimen146
\tagwidth@=\dimen147
\totwidth@=\dimen148
\lineht@=\dimen149
\@envbody=\toks20
\multlinegap=\skip50
\multlinetaggap=\skip51
\mathdisplay@stack=\toks21
LaTeX Info: Redefining \[ on input line 2938.
LaTeX Info: Redefining \] on input line 2939.
)
(C:\Users\Ayush Jamdar\AppData\Local\Programs\MiKTeX\tex/latex/listings\listing
s.sty
\lst@mode=\count269
\lst@gtempboxa=\box52
\lst@token=\toks22
\lst@length=\count270
\lst@currlwidth=\dimen150
\lst@column=\count271
\lst@pos=\count272
\lst@lostspace=\dimen151
\lst@width=\dimen152
\lst@newlines=\count273
\lst@lineno=\count274
\lst@maxwidth=\dimen153

(C:\Users\Ayush Jamdar\AppData\Local\Programs\MiKTeX\tex/latex/listings\lstmisc
.sty
File: lstmisc.sty 2020/03/24 1.8d (Carsten Heinz)
\c@lstnumber=\count275
\lst@skipnumbers=\count276
\lst@framebox=\box53
)
(C:\Users\Ayush Jamdar\AppData\Local\Programs\MiKTeX\tex/latex/listings\listing
s.cfg
File: listings.cfg 2020/03/24 1.8d listings configuration
))
Package: listings 2020/03/24 1.8d (Carsten Heinz)

(C:\Users\Ayush Jamdar\AppData\Local\Programs\MiKTeX\tex/latex/psnfss\courier.s
ty
Package: courier 2020/03/25 PSNFSS-v9.3 (WaS) 
)
(C:\Users\Ayush Jamdar\AppData\Local\Programs\MiKTeX\tex/latex/l3backend\l3back
end-pdftex.def
File: l3backend-pdftex.def 2021-12-14 L3 backend support: PDF output (pdfTeX)
\l__color_backend_stack_int=\count277
\l__pdf_internal_box=\box54
) (report.aux)
\openout1 = `report.aux'.

LaTeX Font Info:    Checking defaults for OML/cmm/m/it on input line 21.
LaTeX Font Info:    ... okay on input line 21.
LaTeX Font Info:    Checking defaults for OMS/cmsy/m/n on input line 21.
LaTeX Font Info:    ... okay on input line 21.
LaTeX Font Info:    Checking defaults for OT1/cmr/m/n on input line 21.
LaTeX Font Info:    ... okay on input line 21.
LaTeX Font Info:    Checking defaults for T1/cmr/m/n on input line 21.
LaTeX Font Info:    ... okay on input line 21.
LaTeX Font Info:    Checking defaults for TS1/cmr/m/n on input line 21.
LaTeX Font Info:    ... okay on input line 21.
LaTeX Font Info:    Checking defaults for OMX/cmex/m/n on input line 21.
LaTeX Font Info:    ... okay on input line 21.
LaTeX Font Info:    Checking defaults for U/cmr/m/n on input line 21.
LaTeX Font Info:    ... okay on input line 21.

(C:\Users\Ayush Jamdar\AppData\Local\Programs\MiKTeX\tex/context/base/mkii\supp
-pdf.mkii
[Loading MPS to PDF converter (version 2006.09.02).]
\scratchcounter=\count278
\scratchdimen=\dimen154
\scratchbox=\box55
\nofMPsegments=\count279
\nofMParguments=\count280
\everyMPshowfont=\toks23
\MPscratchCnt=\count281
\MPscratchDim=\dimen155
\MPnumerator=\count282
\makeMPintoPDFobject=\count283
\everyMPtoPDFconversion=\toks24
)
(C:\Users\Ayush Jamdar\AppData\Local\Programs\MiKTeX\tex/latex/epstopdf-pkg\eps
topdf-base.sty
Package: epstopdf-base 2020-01-24 v2.11 Base part for package epstopdf
Package epstopdf-base Info: Redefining graphics rule for `.eps' on input line 4
85.

(C:\Users\Ayush Jamdar\AppData\Local\Programs\MiKTeX\tex/latex/00miktex\epstopd
f-sys.cfg
File: epstopdf-sys.cfg 2021/03/18 v2.0 Configuration of epstopdf for MiKTeX
))
\c@lstlisting=\count284
<antenna.png, id=1, 430.60875pt x 272.217pt>
File: antenna.png Graphic file (type png)
<use antenna.png>
Package pdftex.def Info: antenna.png  used on input line 32.
(pdftex.def)             Requested size: 215.30383pt x 136.10815pt.
LaTeX Font Info:    Trying to load font information for OT1+pcr on input line 3
8.

(C:\Users\Ayush Jamdar\AppData\Local\Programs\MiKTeX\tex/latex/psnfss\ot1pcr.fd
File: ot1pcr.fd 2001/06/04 font definitions for OT1/pcr.
) [1

{C:/Users/Ayush Jamdar/AppData/Local/MiKTeX/fonts/map/pdftex/pdftex.map} <./ant
enna.png>]
Overfull \hbox (27.62953pt too wide) in paragraph at lines 52--52
[]\OT1/pcr/m/n/10.95 I_assumed =  [0.   0.38 0.71 0.92 1.   0.92 0.71 0.38 0.  
][] 
 []

[2]
Overfull \hbox (40.76952pt too wide) in paragraph at lines 100--100
[]\OT1/pcr/m/n/10.95 Pb = (mu0 / (4 * np.pi)) * np.exp(-1j * (k * RiN)) * dz / 
RiN[] 
 []

[3]
Overfull \hbox (53.9095pt too wide) in paragraph at lines 136--136
[]\OT1/pcr/m/n/10.95 Pij*1e8 =  [[124.94-3.93j   9.2 -3.83j   3.53-3.53j  -0.  
-2.5j[] 
 []


Overfull \hbox (67.04948pt too wide) in paragraph at lines 136--136
[] \OT1/pcr/m/n/10.95 [  9.2 -3.83j 124.94-3.93j   9.2 -3.83j   1.27-3.08j  -0.
  -2.5j[] 
 []


Overfull \hbox (73.61948pt too wide) in paragraph at lines 136--136
[] \OT1/pcr/m/n/10.95 [  3.53-3.53j   9.2 -3.83j 124.94-3.93j   3.53-3.53j   1.
27-3.08j[] 
 []


Overfull \hbox (73.61948pt too wide) in paragraph at lines 136--136
[] \OT1/pcr/m/n/10.95 [ -0.  -2.5j    1.27-3.08j   3.53-3.53j 124.94-3.93j   9.
2 -3.83j[] 
 []


Overfull \hbox (73.61948pt too wide) in paragraph at lines 136--136
[] \OT1/pcr/m/n/10.95 [ -0.77-1.85j  -0.  -2.5j    1.27-3.08j   9.2 -3.83j 124.
94-3.93j[] 
 []


Overfull \hbox (73.61948pt too wide) in paragraph at lines 136--136
[] \OT1/pcr/m/n/10.95 [ -1.18-1.18j  -0.77-1.85j  -0.  -2.5j    3.53-3.53j   9.
2 -3.83j[] 
 []


Overfull \hbox (21.05954pt too wide) in paragraph at lines 150--150
[]\OT1/pcr/m/n/10.95 Qij = -Pij * (a / mu0) * (complex(0, -k) / Ru - 1 / Ru**2)
[] 
 []


Overfull \hbox (34.19952pt too wide) in paragraph at lines 170--170
[]   \OT1/pcr/m/n/10.95 1.000e-02-0.j 0.000e+00-0.j 0.000e+00-0.j  0.000e+00-0.
j][] 
 []

[4]
<f1.png, id=30, 462.528pt x 346.896pt>
File: f1.png Graphic file (type png)
<use f1.png>
Package pdftex.def Info: f1.png  used on input line 199.
(pdftex.def)             Requested size: 231.26343pt x 173.44757pt.
<f2.png, id=31, 462.528pt x 346.896pt>
File: f2.png Graphic file (type png)
<use f2.png>
Package pdftex.def Info: f2.png  used on input line 205.
(pdftex.def)             Requested size: 231.26343pt x 173.44757pt.
 [5] [6 <./f1.png> <./f2.png>] (report.aux) ) 
Here is how much of TeX's memory you used:
 3424 strings out of 478659
 52610 string characters out of 2842566
 361418 words of memory out of 3000000
 21525 multiletter control sequences out of 15000+600000
 409706 words of font info for 49 fonts, out of 8000000 for 9000
 1141 hyphenation exceptions out of 8191
 55i,10n,62p,704b,270s stack positions out of 5000i,500n,10000p,200000b,80000s
{C:/Users/Ayush Jamdar/AppData/Loc
al/Programs/MiKTeX/fonts/enc/dvips/base/8r.enc}<C:/Users/Ayush Jamdar/AppData/L
ocal/Programs/MiKTeX/fonts/type1/public/amsfonts/cm/cmbx12.pfb><C:/Users/Ayush 
Jamdar/AppData/Local/Programs/MiKTeX/fonts/type1/public/amsfonts/cm/cmex10.pfb>
<C:/Users/Ayush Jamdar/AppData/Local/Programs/MiKTeX/fonts/type1/public/amsfont
s/cm/cmmi10.pfb><C:/Users/Ayush Jamdar/AppData/Local/Programs/MiKTeX/fonts/type
1/public/amsfonts/cm/cmmi6.pfb><C:/Users/Ayush Jamdar/AppData/Local/Programs/Mi
KTeX/fonts/type1/public/amsfonts/cm/cmmi8.pfb><C:/Users/Ayush Jamdar/AppData/Lo
cal/Programs/MiKTeX/fonts/type1/public/amsfonts/cm/cmr10.pfb><C:/Users/Ayush Ja
mdar/AppData/Local/Programs/MiKTeX/fonts/type1/public/amsfonts/cm/cmr12.pfb><C:
/Users/Ayush Jamdar/AppData/Local/Programs/MiKTeX/fonts/type1/public/amsfonts/c
m/cmr17.pfb><C:/Users/Ayush Jamdar/AppData/Local/Programs/MiKTeX/fonts/type1/pu
blic/amsfonts/cm/cmr8.pfb><C:/Users/Ayush Jamdar/AppData/Local/Programs/MiKTeX/
fonts/type1/public/amsfonts/cm/cmsy10.pfb><C:/Users/Ayush Jamdar/AppData/Local/
Programs/MiKTeX/fonts/type1/public/amsfonts/cm/cmsy6.pfb><C:/Users/Ayush Jamdar
/AppData/Local/Programs/MiKTeX/fonts/type1/public/amsfonts/cm/cmsy8.pfb><C:/Use
rs/Ayush Jamdar/AppData/Local/Programs/MiKTeX/fonts/type1/urw/courier/ucrr8a.pf
b>
Output written on report.pdf (6 pages, 329499 bytes).
PDF statistics:
 94 PDF objects out of 1000 (max. 8388607)
 0 named destinations out of 1000 (max. 500000)
 16 words of extra memory for PDF output out of 10000 (max. 10000000)

